<?xml version="1.0" encoding="UTF-8"?>
<!-- Generated by org.testng.reporters.JUnitReportReporter -->
<testsuite skipped="0" hostname="LAPTOP-M1K018N6" name="com.fk.test.LoginPageTest" tests="3" failures="0" timestamp="2020-06-30T14:02:14 IST" time="29.894" errors="0">
  <testcase name="LoginPageDisplayed" time="9.002" classname="com.fk.test.LoginPageTest"/>
  <system-out/>
  <testcase name="LoginPageTitle" time="9.120" classname="com.fk.test.LoginPageTest"/>
  <system-out/>
  <testcase name="LoginTest" time="11.772" classname="com.fk.test.LoginPageTest"/>
  <system-out/>
</testsuite> <!-- com.fk.test.LoginPageTest -->
