<?xml version="1.0" encoding="UTF-8"?>
<!-- Generated by org.testng.reporters.JUnitReportReporter -->
<testsuite skipped="0" hostname="LAPTOP-M1K018N6" name="com.fk.test.SearchPageTest" tests="1" failures="0" timestamp="29 Jun 2020 18:14:12 GMT" time="16.174" errors="0">
  <testcase name="verifyShowingText" time="16.174" classname="com.fk.test.SearchPageTest"/>
</testsuite> <!-- com.fk.test.SearchPageTest -->
