<?xml version="1.0" encoding="UTF-8"?>
<!-- Generated by org.testng.reporters.JUnitReportReporter -->
<testsuite skipped="0" hostname="LAPTOP-M1K018N6" name="com.fk.test.ExplorePlusTest" tests="1" failures="0" timestamp="2020-06-30T14:02:14 IST" time="11.599" errors="0">
  <testcase name="landOnCoinActivity" time="11.599" classname="com.fk.test.ExplorePlusTest"/>
  <system-out/>
</testsuite> <!-- com.fk.test.ExplorePlusTest -->
