<?xml version="1.0" encoding="UTF-8"?>
<!-- Generated by org.testng.reporters.JUnitReportReporter -->
<testsuite skipped="0" hostname="LAPTOP-M1K018N6" name="com.fk.test.ExplorePlusTest" tests="1" failures="0" timestamp="30 Jun 2020 11:12:22 GMT" time="14.784" errors="0">
  <testcase name="landOnCoinActivity" time="14.784" classname="com.fk.test.ExplorePlusTest"/>
</testsuite> <!-- com.fk.test.ExplorePlusTest -->
